<?xml version="1.0" encoding="UTF-8"?>
<!-- Generated by org.testng.reporters.JUnitReportReporter -->
<testsuite hostname="MONO-HYD-LAP-12" name="samplePackage.TC003_Get_Resquest" tests="1" failures="0" timestamp="21 Sep 2019 07:32:16 GMT" time="3.669" errors="0">
  <testcase name="getWeatherDetails" time="3.669" classname="samplePackage.TC003_Get_Resquest"/>
</testsuite> <!-- samplePackage.TC003_Get_Resquest -->
