<?xml version="1.0" encoding="UTF-8"?>
<!-- Generated by org.testng.reporters.JUnitReportReporter -->
<testsuite skipped="0" hostname="LAPTOP-D0CIFDTL" name="dataDrivenTesting.DemoClass" tests="1" failures="0" timestamp="2022-11-11T16:24:47 IST" time="0.790" errors="0">
  <testcase name="f" time="0.790" classname="dataDrivenTesting.DemoClass"/>
  <system-out/>
</testsuite> <!-- dataDrivenTesting.DemoClass -->
