<?xml version="1.0" encoding="UTF-8"?>
<!-- Generated by org.testng.reporters.JUnitReportReporter -->
<testsuite hostname="MONO-HYD-LAP-12" name="testClasses.TC005_Delete_Employee_Record" tests="6" failures="0" timestamp="22 Sep 2019 17:15:45 GMT" time="0.026" errors="0">
  <testcase name="checkStatusCode" time="0.004" classname="testClasses.TC005_Delete_Employee_Record"/>
  <testcase name="checkStatusLine" time="0.000" classname="testClasses.TC005_Delete_Employee_Record"/>
  <testcase name="checkResponseBody" time="0.018" classname="testClasses.TC005_Delete_Employee_Record"/>
  <testcase name="cookies" time="0.000" classname="testClasses.TC005_Delete_Employee_Record"/>
  <testcase name="checkServerType" time="0.004" classname="testClasses.TC005_Delete_Employee_Record"/>
  <testcase name="checkContentType" time="0.000" classname="testClasses.TC005_Delete_Employee_Record"/>
</testsuite> <!-- testClasses.TC005_Delete_Employee_Record -->
