<?xml version="1.0" encoding="UTF-8"?>
<!-- Generated by org.testng.reporters.JUnitReportReporter -->
<testsuite hostname="MONO-HYD-LAP-12" name="samplePackage.TC007_Get_Request_Autherization" tests="1" failures="0" timestamp="21 Oct 2019 12:04:36 GMT" time="7.495" errors="0">
  <testcase name="authorization" time="7.495" classname="samplePackage.TC007_Get_Request_Autherization"/>
</testsuite> <!-- samplePackage.TC007_Get_Request_Autherization -->
