<?xml version="1.0" encoding="UTF-8"?>
<!-- Generated by org.testng.reporters.JUnitReportReporter -->
<testsuite skipped="0" hostname="LAPTOP-D0CIFDTL" name="samplePackage.TC001_Get_Resquest" tests="1" failures="0" timestamp="2022-11-11T15:16:52 IST" time="1.743" errors="0">
  <testcase name="getWeatherDetails" time="1.743" classname="samplePackage.TC001_Get_Resquest"/>
  <system-out/>
</testsuite> <!-- samplePackage.TC001_Get_Resquest -->
