<?xml version="1.0" encoding="UTF-8"?>
<!-- Generated by org.testng.reporters.JUnitReportReporter -->
<testsuite hostname="MONO-HYD-LAP-12" name="dataDrivenTesting.DataDrivenTest_AddNewEmployee" tests="3" failures="0" timestamp="21 Sep 2019 20:46:19 GMT" time="4.999" errors="0">
  <testcase name="postNewEmployee" time="3.196" classname="dataDrivenTesting.DataDrivenTest_AddNewEmployee"/>
  <testcase name="postNewEmployee" time="0.882" classname="dataDrivenTesting.DataDrivenTest_AddNewEmployee"/>
  <testcase name="postNewEmployee" time="0.921" classname="dataDrivenTesting.DataDrivenTest_AddNewEmployee"/>
</testsuite> <!-- dataDrivenTesting.DataDrivenTest_AddNewEmployee -->
