<?xml version="1.0" encoding="UTF-8"?>
<!-- Generated by org.testng.reporters.JUnitReportReporter -->
<testsuite hostname="MONO-HYD-LAP-12" name="samplePackage.TC003_Get_Request_Header" tests="1" failures="0" timestamp="8 Dec 2019 13:10:45 GMT" time="3.450" errors="0">
  <testcase name="getWeatherDetails" time="3.450" classname="samplePackage.TC003_Get_Request_Header"/>
</testsuite> <!-- samplePackage.TC003_Get_Request_Header -->
