<?xml version="1.0" encoding="UTF-8"?>
<!-- Generated by org.testng.reporters.JUnitReportReporter -->
<testsuite skipped="0" hostname="LAPTOP-D0CIFDTL" name="samplePackage.TC002_Post_Resquest" tests="1" failures="0" timestamp="2022-11-05T23:41:55 IST" time="2.820" errors="0">
  <testcase name="registration" time="2.820" classname="samplePackage.TC002_Post_Resquest"/>
  <system-out/>
</testsuite> <!-- samplePackage.TC002_Post_Resquest -->
