<?xml version="1.0" encoding="UTF-8"?>
<!-- Generated by org.testng.reporters.JUnitReportReporter -->
<testsuite skipped="0" hostname="LAPTOP-D0CIFDTL" name="samplePackage.TC004_Get_Request_Headers" tests="1" failures="0" timestamp="2022-11-05T23:42:52 IST" time="4.694" errors="0">
  <testcase name="getWeatherDetails" time="4.694" classname="samplePackage.TC004_Get_Request_Headers"/>
  <system-out/>
</testsuite> <!-- samplePackage.TC004_Get_Request_Headers -->
