<?xml version="1.0" encoding="UTF-8"?>
<!-- Generated by org.testng.reporters.JUnitReportReporter -->
<testsuite hostname="MONO-HYD-LAP-12" name="testClasses.TC001_Get_All_Employees" tests="7" failures="0" timestamp="12 Nov 2019 06:56:52 GMT" time="0.069" errors="0">
  <testcase name="checkResponseBody" time="0.037" classname="testClasses.TC001_Get_All_Employees"/>
  <testcase name="checkStatusCode" time="0.001" classname="testClasses.TC001_Get_All_Employees"/>
  <testcase name="checkStatusLine" time="0.013" classname="testClasses.TC001_Get_All_Employees"/>
  <testcase name="cookies" time="0.005" classname="testClasses.TC001_Get_All_Employees"/>
  <testcase name="checkServerType" time="0.005" classname="testClasses.TC001_Get_All_Employees"/>
  <testcase name="checkContentEncoding" time="0.004" classname="testClasses.TC001_Get_All_Employees"/>
  <testcase name="checkContentType" time="0.004" classname="testClasses.TC001_Get_All_Employees"/>
</testsuite> <!-- testClasses.TC001_Get_All_Employees -->
