<?xml version="1.0" encoding="UTF-8"?>
<!-- Generated by org.testng.reporters.JUnitReportReporter -->
<testsuite hostname="MONO-HYD-LAP-12" name="samplePackage.TC004_Get_Headers" tests="1" failures="0" timestamp="21 Sep 2019 12:27:41 GMT" time="3.480" errors="0">
  <testcase name="getWeatherDetails" time="3.480" classname="samplePackage.TC004_Get_Headers"/>
</testsuite> <!-- samplePackage.TC004_Get_Headers -->
