<?xml version="1.0" encoding="UTF-8"?>
<!-- Generated by org.testng.reporters.JUnitReportReporter -->
<testsuite skipped="0" hostname="LAPTOP-D0CIFDTL" name="samplePackage.TC005_Get_Resquest_Validating_JsonResponse" tests="1" failures="0" timestamp="2022-11-05T23:49:35 IST" time="3.132" errors="0">
  <testcase name="getWeatherDetails" time="3.132" classname="samplePackage.TC005_Get_Resquest_Validating_JsonResponse"/>
  <system-out/>
</testsuite> <!-- samplePackage.TC005_Get_Resquest_Validating_JsonResponse -->
