<?xml version="1.0" encoding="UTF-8"?>
<!-- Generated by org.testng.reporters.JUnitReportReporter -->
<testsuite hostname="MONO-HYD-LAP-12" name="testClasses.TC003_POST_EmployeeRecord" tests="5" failures="0" timestamp="22 Sep 2019 14:51:19 GMT" time="0.033" errors="0">
  <testcase name="checkStatusLine" time="0.000" classname="testClasses.TC003_POST_EmployeeRecord"/>
  <testcase name="checkContentType" time="0.000" classname="testClasses.TC003_POST_EmployeeRecord"/>
  <testcase name="checkServerType" time="0.004" classname="testClasses.TC003_POST_EmployeeRecord"/>
  <testcase name="checkStatusCode" time="0.000" classname="testClasses.TC003_POST_EmployeeRecord"/>
  <testcase name="checkResponseBody" time="0.029" classname="testClasses.TC003_POST_EmployeeRecord"/>
</testsuite> <!-- testClasses.TC003_POST_EmployeeRecord -->
